<?xml version="1.0" encoding="UTF-8"?>
<!-- Generated by org.testng.reporters.JUnitReportReporter -->
<testsuite hostname="DESKTOP-FUQKOE5" failures="0" tests="1" name="TestCases.TestAccountRegistrationPage_TC001" time="4.102" errors="0" timestamp="2025-08-27T01:18:35 BDT" skipped="0">
  <testcase classname="TestCases.TestAccountRegistrationPage_TC001" name="verifyAccountRegistration" time="4.102"/>
</testsuite> <!-- TestCases.TestAccountRegistrationPage_TC001 -->
