<?xml version="1.0" encoding="UTF-8"?>
<!-- Generated by org.testng.reporters.JUnitReportReporter -->
<testsuite hostname="DESKTOP-FUQKOE5" failures="0" tests="1" name="TestCases.TestAccountLoginPage_TC002" time="1.064" errors="0" timestamp="2025-08-27T01:18:35 BDT" skipped="0">
  <testcase classname="TestCases.TestAccountLoginPage_TC002" name="verifyLogin" time="1.064"/>
</testsuite> <!-- TestCases.TestAccountLoginPage_TC002 -->
